Dec 15, 2024 11:05:28 PM utils.LoggerUtil logInfo
INFO: App started
Dec 15, 2024 11:05:30 PM utils.LoggerUtil logInfo
INFO: Accepted cookies
Dec 15, 2024 11:05:30 PM utils.LoggerUtil logInfo
INFO: Successfully logged in
Dec 15, 2024 11:05:32 PM utils.LoggerUtil logInfo
INFO: Accepted cookies
Dec 15, 2024 11:05:32 PM utils.LoggerUtil logInfo
INFO: Wating for captcha resolution
Dec 15, 2024 11:05:46 PM utils.LoggerUtil logInfo
INFO: App started
Dec 15, 2024 11:05:48 PM utils.LoggerUtil logInfo
INFO: Accepted cookies
Dec 15, 2024 11:05:48 PM utils.LoggerUtil logInfo
INFO: Successfully logged in
Dec 15, 2024 11:05:50 PM utils.LoggerUtil logInfo
INFO: Accepted cookies
Dec 15, 2024 11:05:50 PM utils.LoggerUtil logInfo
INFO: Wating for captcha resolution
Dec 15, 2024 11:06:01 PM utils.LoggerUtil logInfo
INFO: Succesfully logged in
Dec 15, 2024 11:06:08 PM utils.LoggerUtil logInfo
INFO: The application has started listening for messages and processing them.
Dec 15, 2024 11:06:08 PM utils.LoggerUtil logInfo
INFO: 1 = calculateAnswer(2,10,6,3,1,0,0)
Dec 15, 2024 11:06:09 PM utils.LoggerUtil log
INFO: message sent: Math question (/bot answer <liczba>): 2 - 10 + 6 + 3 = ?
Dec 15, 2024 11:06:09 PM utils.LoggerUtil logInfo
INFO: Math question (/bot answer <liczba>): 2 - 10 + 6 + 3 = ?
Dec 15, 2024 11:06:29 AM utils.LoggerUtil log
INFO: Added heart reaction to message: /bot kill
Dec 15, 2024 11:06:30 AM utils.LoggerUtil log
INFO: message sent: Shutting down the bot
Dec 15, 2024 11:06:31 AM utils.LoggerUtil log
INFO: Shutting down the bot at the request of Mateusz Zi?cina